[2026-07-12T10:48:01.271Z] рҹҡҖ KHб»һI Дҗб»ҳNG MULTI-GATE SMART ROUTING SYSTEM...
[2026-07-12T10:52:08.889Z] рҹҡҖ KHб»һI Дҗб»ҳNG MULTI-GATE SMART ROUTING SYSTEM...
[2026-07-12T10:54:14.264Z] рҹҡҖ KHб»һI Дҗб»ҳNG MULTI-GATE SMART ROUTING SYSTEM...
[2026-07-12T10:54:21.299Z] [Luб»“ng 2] вҡ пёҸ Lб»—i cб»•ng: page.goto: net::ERR_TUNNEL_CONNECTION_FAILED at https://iphey.com/
Call log:
[2m  - navigating to "https://iphey.com/", waiting until "domcontentloaded"[22m
. Дҗang tб»ұ Д‘б»ҷng Д‘б»•i cб»•ng б»ҹ lЖ°б»Јt sau...
[2026-07-12T10:54:22.333Z] [Luб»“ng 1] вҡ пёҸ Lб»—i cб»•ng: page.goto: net::ERR_TUNNEL_CONNECTION_FAILED at https://iphey.com/
Call log:
[2m  - navigating to "https://iphey.com/", waiting until "domcontentloaded"[22m
. Дҗang tб»ұ Д‘б»ҷng Д‘б»•i cб»•ng б»ҹ lЖ°б»Јt sau...
[2026-07-12T10:54:27.460Z] [Luб»“ng 3] вҡ пёҸ Lб»—i cб»•ng: page.goto: net::ERR_TUNNEL_CONNECTION_FAILED at https://iphey.com/
Call log:
[2m  - navigating to "https://iphey.com/", waiting until "domcontentloaded"[22m
. Дҗang tб»ұ Д‘б»ҷng Д‘б»•i cб»•ng б»ҹ lЖ°б»Јt sau...
[2026-07-12T10:54:27.755Z] [Luб»“ng 4] вҡ пёҸ Lб»—i cб»•ng: page.goto: net::ERR_TUNNEL_CONNECTION_FAILED at https://iphey.com/
Call log:
[2m  - navigating to "https://iphey.com/", waiting until "domcontentloaded"[22m
. Дҗang tб»ұ Д‘б»ҷng Д‘б»•i cб»•ng б»ҹ lЖ°б»Јt sau...
[2026-07-12T10:54:32.662Z] [Luб»“ng 6] вҡ пёҸ Lб»—i cб»•ng: page.goto: net::ERR_TUNNEL_CONNECTION_FAILED at https://iphey.com/
Call log:
[2m  - navigating to "https://iphey.com/", waiting until "domcontentloaded"[22m
. Дҗang tб»ұ Д‘б»ҷng Д‘б»•i cб»•ng б»ҹ lЖ°б»Јt sau...
[2026-07-12T10:54:32.746Z] [Luб»“ng 5] вҡ пёҸ Lб»—i cб»•ng: page.goto: net::ERR_TUNNEL_CONNECTION_FAILED at https://iphey.com/
Call log:
[2m  - navigating to "https://iphey.com/", waiting until "domcontentloaded"[22m
. Дҗang tб»ұ Д‘б»ҷng Д‘б»•i cб»•ng б»ҹ lЖ°б»Јt sau...
[2026-07-12T10:54:37.647Z] [Luб»“ng 8] вҡ пёҸ Lб»—i cб»•ng: page.goto: net::ERR_TUNNEL_CONNECTION_FAILED at https://iphey.com/
Call log:
[2m  - navigating to "https://iphey.com/", waiting until "domcontentloaded"[22m
. Дҗang tб»ұ Д‘б»ҷng Д‘б»•i cб»•ng б»ҹ lЖ°б»Јt sau...
[2026-07-12T10:54:37.677Z] [Luб»“ng 7] вҡ пёҸ Lб»—i cб»•ng: page.goto: net::ERR_TUNNEL_CONNECTION_FAILED at https://iphey.com/
Call log:
[2m  - navigating to "https://iphey.com/", waiting until "domcontentloaded"[22m
. Дҗang tб»ұ Д‘б»ҷng Д‘б»•i cб»•ng б»ҹ lЖ°б»Јt sau...
[2026-07-12T10:54:42.454Z] [Luб»“ng 10] вҡ пёҸ Lб»—i cб»•ng: page.goto: net::ERR_TUNNEL_CONNECTION_FAILED at https://iphey.com/
Call log:
[2m  - navigating to "https://iphey.com/", waiting until "domcontentloaded"[22m
. Дҗang tб»ұ Д‘б»ҷng Д‘б»•i cб»•ng б»ҹ lЖ°б»Јt sau...
[2026-07-12T10:54:42.694Z] [Luб»“ng 9] вҡ пёҸ Lб»—i cб»•ng: page.goto: net::ERR_TUNNEL_CONNECTION_FAILED at https://iphey.com/
Call log:
[2m  - navigating to "https://iphey.com/", waiting until "domcontentloaded"[22m
. Дҗang tб»ұ Д‘б»ҷng Д‘б»•i cб»•ng б»ҹ lЖ°б»Јt sau...
[2026-07-12T10:54:47.381Z] [Luб»“ng 11] вҡ пёҸ Lб»—i cб»•ng: page.goto: net::ERR_TUNNEL_CONNECTION_FAILED at https://iphey.com/
Call log:
[2m  - navigating to "https://iphey.com/", waiting until "domcontentloaded"[22m
. Дҗang tб»ұ Д‘б»ҷng Д‘б»•i cб»•ng б»ҹ lЖ°б»Јt sau...
[2026-07-12T10:54:47.416Z] [Luб»“ng 12] вҡ пёҸ Lб»—i cб»•ng: page.goto: net::ERR_TUNNEL_CONNECTION_FAILED at https://iphey.com/
Call log:
[2m  - navigating to "https://iphey.com/", waiting until "domcontentloaded"[22m
. Дҗang tб»ұ Д‘б»ҷng Д‘б»•i cб»•ng б»ҹ lЖ°б»Јt sau...
[2026-07-12T10:54:51.869Z] [Luб»“ng 14] вҡ пёҸ Lб»—i cб»•ng: page.goto: net::ERR_TUNNEL_CONNECTION_FAILED at https://iphey.com/
Call log:
[2m  - navigating to "https://iphey.com/", waiting until "domcontentloaded"[22m
. Дҗang tб»ұ Д‘б»ҷng Д‘б»•i cб»•ng б»ҹ lЖ°б»Јt sau...
[2026-07-12T10:54:51.897Z] [Luб»“ng 13] вҡ пёҸ Lб»—i cб»•ng: page.goto: net::ERR_TUNNEL_CONNECTION_FAILED at https://iphey.com/
Call log:
[2m  - navigating to "https://iphey.com/", waiting until "domcontentloaded"[22m
. Дҗang tб»ұ Д‘б»ҷng Д‘б»•i cб»•ng б»ҹ lЖ°б»Јt sau...
[2026-07-12T10:54:55.773Z] [Luб»“ng 15] вҡ пёҸ Lб»—i cб»•ng: page.goto: net::ERR_TUNNEL_CONNECTION_FAILED at https://iphey.com/
Call log:
[2m  - navigating to "https://iphey.com/", waiting until "domcontentloaded"[22m
. Дҗang tб»ұ Д‘б»ҷng Д‘б»•i cб»•ng б»ҹ lЖ°б»Јt sau...
[2026-07-12T17:39:37.228Z] рҹҢё STARTING MASTER ENGINE V6...
[2026-07-12T17:39:43.535Z] [Luб»“ng 2] вҡ пёҸ Thread Error: page.goto: net::ERR_PROXY_CONNECTION_FAILED at https://iphey.com/
Call log:
[2m  - navigating to "https://iphey.com/", waiting until "domcontentloaded"[22m

[2026-07-12T17:39:43.636Z] [Luб»“ng 1] вҡ пёҸ Thread Error: page.goto: net::ERR_PROXY_CONNECTION_FAILED at https://iphey.com/
Call log:
[2m  - navigating to "https://iphey.com/", waiting until "domcontentloaded"[22m

[2026-07-12T17:39:49.517Z] [Luб»“ng 3] вҡ пёҸ Thread Error: page.goto: net::ERR_PROXY_CONNECTION_FAILED at https://iphey.com/
Call log:
[2m  - navigating to "https://iphey.com/", waiting until "domcontentloaded"[22m

[2026-07-12T17:39:49.749Z] [Luб»“ng 4] вҡ пёҸ Thread Error: page.goto: net::ERR_PROXY_CONNECTION_FAILED at https://iphey.com/
Call log:
[2m  - navigating to "https://iphey.com/", waiting until "domcontentloaded"[22m

[2026-07-12T17:39:55.528Z] [Luб»“ng 5] вҡ пёҸ Thread Error: page.goto: net::ERR_PROXY_CONNECTION_FAILED at https://iphey.com/
Call log:
[2m  - navigating to "https://iphey.com/", waiting until "domcontentloaded"[22m

[2026-07-12T17:39:56.061Z] [Luб»“ng 6] вҡ пёҸ Thread Error: page.goto: net::ERR_PROXY_CONNECTION_FAILED at https://iphey.com/
Call log:
[2m  - navigating to "https://iphey.com/", waiting until "domcontentloaded"[22m

[2026-07-12T17:40:00.441Z] [Luб»“ng 8] вҡ пёҸ Thread Error: page.goto: net::ERR_PROXY_CONNECTION_FAILED at https://iphey.com/
Call log:
[2m  - navigating to "https://iphey.com/", waiting until "domcontentloaded"[22m

[2026-07-12T17:40:00.798Z] [Luб»“ng 7] вҡ пёҸ Thread Error: page.goto: net::ERR_PROXY_CONNECTION_FAILED at https://iphey.com/
Call log:
[2m  - navigating to "https://iphey.com/", waiting until "domcontentloaded"[22m

[2026-07-12T17:40:05.752Z] [Luб»“ng 10] вҡ пёҸ Thread Error: page.goto: net::ERR_PROXY_CONNECTION_FAILED at https://iphey.com/
Call log:
[2m  - navigating to "https://iphey.com/", waiting until "domcontentloaded"[22m

[2026-07-12T17:40:06.159Z] [Luб»“ng 9] вҡ пёҸ Thread Error: page.goto: net::ERR_PROXY_CONNECTION_FAILED at https://iphey.com/
Call log:
[2m  - navigating to "https://iphey.com/", waiting until "domcontentloaded"[22m

[2026-07-12T17:40:11.423Z] [Luб»“ng 11] вҡ пёҸ Thread Error: page.goto: net::ERR_PROXY_CONNECTION_FAILED at https://iphey.com/
Call log:
[2m  - navigating to "https://iphey.com/", waiting until "domcontentloaded"[22m

[2026-07-12T17:40:11.444Z] [Luб»“ng 12] вҡ пёҸ Thread Error: page.goto: net::ERR_PROXY_CONNECTION_FAILED at https://iphey.com/
Call log:
[2m  - navigating to "https://iphey.com/", waiting until "domcontentloaded"[22m

[2026-07-12T17:40:17.502Z] [Luб»“ng 13] вҡ пёҸ Thread Error: page.goto: net::ERR_PROXY_CONNECTION_FAILED at https://iphey.com/
Call log:
[2m  - navigating to "https://iphey.com/", waiting until "domcontentloaded"[22m

[2026-07-12T17:40:17.589Z] [Luб»“ng 14] вҡ пёҸ Thread Error: page.goto: net::ERR_PROXY_CONNECTION_FAILED at https://iphey.com/
Call log:
[2m  - navigating to "https://iphey.com/", waiting until "domcontentloaded"[22m

[2026-07-12T17:40:22.271Z] [Luб»“ng 15] вҡ пёҸ Thread Error: page.goto: net::ERR_PROXY_CONNECTION_FAILED at https://iphey.com/
Call log:
[2m  - navigating to "https://iphey.com/", waiting until "domcontentloaded"[22m

[2026-07-12T17:59:48.882Z] рҹҢё STARTING MASTER ENGINE V6...
[2026-07-12T18:02:34.526Z] рҹҢё STARTING MASTER ENGINE V6...
[2026-07-12T18:02:39.833Z] [Luб»“ng 1] вҡ пёҸ Thread Error: page.goto: net::ERR_PROXY_CONNECTION_FAILED at https://iphey.com/
Call log:
[2m  - navigating to "https://iphey.com/", waiting until "domcontentloaded"[22m

[2026-07-12T18:02:40.473Z] [Luб»“ng 2] вҡ пёҸ Thread Error: page.goto: net::ERR_PROXY_CONNECTION_FAILED at https://iphey.com/
Call log:
[2m  - navigating to "https://iphey.com/", waiting until "domcontentloaded"[22m

[2026-07-12T18:02:46.211Z] [Luб»“ng 4] вҡ пёҸ Thread Error: page.goto: net::ERR_PROXY_CONNECTION_FAILED at https://iphey.com/
Call log:
[2m  - navigating to "https://iphey.com/", waiting until "domcontentloaded"[22m

[2026-07-12T18:02:46.719Z] [Luб»“ng 3] вҡ пёҸ Thread Error: page.goto: net::ERR_PROXY_CONNECTION_FAILED at https://iphey.com/
Call log:
[2m  - navigating to "https://iphey.com/", waiting until "domcontentloaded"[22m

[2026-07-12T18:02:51.998Z] [Luб»“ng 5] вҡ пёҸ Thread Error: page.goto: net::ERR_PROXY_CONNECTION_FAILED at https://iphey.com/
Call log:
[2m  - navigating to "https://iphey.com/", waiting until "domcontentloaded"[22m

[2026-07-12T18:02:52.409Z] [Luб»“ng 6] вҡ пёҸ Thread Error: page.goto: net::ERR_PROXY_CONNECTION_FAILED at https://iphey.com/
Call log:
[2m  - navigating to "https://iphey.com/", waiting until "domcontentloaded"[22m

[2026-07-12T18:02:57.819Z] [Luб»“ng 7] вҡ пёҸ Thread Error: page.goto: net::ERR_PROXY_CONNECTION_FAILED at https://iphey.com/
Call log:
[2m  - navigating to "https://iphey.com/", waiting until "domcontentloaded"[22m

[2026-07-12T18:02:58.032Z] [Luб»“ng 8] вҡ пёҸ Thread Error: page.goto: net::ERR_PROXY_CONNECTION_FAILED at https://iphey.com/
Call log:
[2m  - navigating to "https://iphey.com/", waiting until "domcontentloaded"[22m

[2026-07-12T18:03:02.744Z] [Luб»“ng 9] вҡ пёҸ Thread Error: page.goto: net::ERR_PROXY_CONNECTION_FAILED at https://iphey.com/
Call log:
[2m  - navigating to "https://iphey.com/", waiting until "domcontentloaded"[22m

[2026-07-12T18:03:03.039Z] [Luб»“ng 10] вҡ пёҸ Thread Error: page.goto: net::ERR_PROXY_CONNECTION_FAILED at https://iphey.com/
Call log:
[2m  - navigating to "https://iphey.com/", waiting until "domcontentloaded"[22m

[2026-07-12T18:03:07.921Z] [Luб»“ng 11] вҡ пёҸ Thread Error: page.goto: net::ERR_PROXY_CONNECTION_FAILED at https://iphey.com/
Call log:
[2m  - navigating to "https://iphey.com/", waiting until "domcontentloaded"[22m

[2026-07-12T18:03:08.623Z] [Luб»“ng 12] вҡ пёҸ Thread Error: page.goto: net::ERR_PROXY_CONNECTION_FAILED at https://iphey.com/
Call log:
[2m  - navigating to "https://iphey.com/", waiting until "domcontentloaded"[22m

[2026-07-12T18:03:12.620Z] [Luб»“ng 13] вҡ пёҸ Thread Error: page.goto: net::ERR_PROXY_CONNECTION_FAILED at https://iphey.com/
Call log:
[2m  - navigating to "https://iphey.com/", waiting until "domcontentloaded"[22m

[2026-07-12T18:03:12.937Z] [Luб»“ng 14] вҡ пёҸ Thread Error: page.goto: net::ERR_PROXY_CONNECTION_FAILED at https://iphey.com/
Call log:
[2m  - navigating to "https://iphey.com/", waiting until "domcontentloaded"[22m

[2026-07-12T18:03:16.712Z] [Luб»“ng 15] вҡ пёҸ Thread Error: page.goto: net::ERR_PROXY_CONNECTION_FAILED at https://iphey.com/
Call log:
[2m  - navigating to "https://iphey.com/", waiting until "domcontentloaded"[22m

[2026-07-12T19:06:29.460Z] рҹҢё STARTING MASTER ENGINE V6...
[2026-07-12T19:06:29.484Z] [Luб»“ng 1] вҡ пёҸ Thread Error: Config is not defined
[2026-07-12T19:06:29.486Z] [Luб»“ng 2] вҡ пёҸ Thread Error: Config is not defined
[2026-07-12T19:06:29.488Z] [Luб»“ng 3] вҡ пёҸ Thread Error: Config is not defined
[2026-07-12T19:06:29.490Z] [Luб»“ng 4] вҡ пёҸ Thread Error: Config is not defined
[2026-07-12T19:06:29.492Z] [Luб»“ng 5] вҡ пёҸ Thread Error: Config is not defined
[2026-07-12T19:06:29.494Z] [Luб»“ng 6] вҡ пёҸ Thread Error: Config is not defined
[2026-07-12T19:06:29.496Z] [Luб»“ng 7] вҡ пёҸ Thread Error: Config is not defined
[2026-07-12T19:06:29.499Z] [Luб»“ng 8] вҡ пёҸ Thread Error: Config is not defined
[2026-07-12T19:06:29.502Z] [Luб»“ng 9] вҡ пёҸ Thread Error: Config is not defined
[2026-07-12T19:06:29.512Z] [Luб»“ng 10] вҡ пёҸ Thread Error: Config is not defined
[2026-07-12T19:06:29.515Z] [Luб»“ng 11] вҡ пёҸ Thread Error: Config is not defined
[2026-07-12T19:06:29.517Z] [Luб»“ng 12] вҡ пёҸ Thread Error: Config is not defined
[2026-07-12T19:06:29.519Z] [Luб»“ng 13] вҡ пёҸ Thread Error: Config is not defined
[2026-07-12T19:06:29.521Z] [Luб»“ng 14] вҡ пёҸ Thread Error: Config is not defined
[2026-07-12T19:06:29.522Z] [Luб»“ng 15] вҡ пёҸ Thread Error: Config is not defined
[2026-07-12T19:08:47.807Z] рҹҢё STARTING MASTER ENGINE V6...
[2026-07-12T19:08:47.811Z] [Luб»“ng 1] вҡ пёҸ Thread Error: Assignment to constant variable.
[2026-07-12T19:08:47.812Z] [Luб»“ng 2] вҡ пёҸ Thread Error: Assignment to constant variable.
[2026-07-12T19:14:21.651Z] рҹҢё STARTING MASTER ENGINE V6...
[2026-07-12T19:14:21.654Z] [Luб»“ng 1] вҡ пёҸ Thread Error: Assignment to constant variable.
[2026-07-12T19:14:21.656Z] [Luб»“ng 2] вҡ пёҸ Thread Error: Assignment to constant variable.
[2026-07-12T19:14:21.661Z] [Luб»“ng 3] вҡ пёҸ Thread Error: Assignment to constant variable.
[2026-07-12T19:14:21.662Z] [Luб»“ng 4] вҡ пёҸ Thread Error: Assignment to constant variable.
[2026-07-12T19:14:21.663Z] [Luб»“ng 5] вҡ пёҸ Thread Error: Assignment to constant variable.
[2026-07-12T19:14:21.664Z] [Luб»“ng 6] вҡ пёҸ Thread Error: Assignment to constant variable.
[2026-07-12T19:14:21.667Z] [Luб»“ng 7] вҡ пёҸ Thread Error: Assignment to constant variable.
[2026-07-12T19:14:21.668Z] [Luб»“ng 8] вҡ пёҸ Thread Error: Assignment to constant variable.
[2026-07-12T19:14:21.670Z] [Luб»“ng 9] вҡ пёҸ Thread Error: Assignment to constant variable.
[2026-07-12T19:14:21.671Z] [Luб»“ng 10] вҡ пёҸ Thread Error: Assignment to constant variable.
[2026-07-12T19:14:21.675Z] [Luб»“ng 11] вҡ пёҸ Thread Error: Assignment to constant variable.
[2026-07-12T19:14:21.677Z] [Luб»“ng 12] вҡ пёҸ Thread Error: Assignment to constant variable.
[2026-07-12T19:14:21.678Z] [Luб»“ng 13] вҡ пёҸ Thread Error: Assignment to constant variable.
[2026-07-12T19:14:21.679Z] [Luб»“ng 14] вҡ пёҸ Thread Error: Assignment to constant variable.
[2026-07-12T19:14:21.680Z] [Luб»“ng 15] вҡ пёҸ Thread Error: Assignment to constant variable.
[2026-07-12T19:19:41.779Z] рҹҢё STARTING MASTER ENGINE V6...
[2026-07-12T19:19:41.782Z] TypeError: Assignment to constant variable.
[2026-07-12T19:19:41.784Z] TypeError: Assignment to constant variable.
[2026-07-12T19:22:29.450Z] рҹҢё STARTING MASTER ENGINE V6...
[2026-07-12T19:22:29.455Z] ReferenceError: proxyCONFIG is not defined
[2026-07-12T19:22:29.457Z] ReferenceError: proxyCONFIG is not defined
[2026-07-12T19:28:24.800Z] рҹҢё STARTING MASTER ENGINE V6...
[2026-07-12T19:28:24.804Z] ReferenceError: proxyConfig is not defined
[2026-07-12T19:28:24.805Z] ReferenceError: proxyConfig is not defined
[2026-07-12T19:31:48.745Z] рҹҢё STARTING MASTER ENGINE V6...
[2026-07-12T19:31:48.751Z] ReferenceError: proxy1 is not defined
[2026-07-12T19:31:48.753Z] ReferenceError: proxy1 is not defined
[2026-07-12T19:49:11.287Z] рҹҢё STARTING MASTER ENGINE V6...
[2026-07-12T19:49:15.543Z] Error: page.goto: net::ERR_TUNNEL_CONNECTION_FAILED at https://iphey.com/
Call log:
[2m  - navigating to "https://iphey.com/", waiting until "domcontentloaded"[22m

[2026-07-12T19:49:16.179Z] Error: page.goto: net::ERR_TUNNEL_CONNECTION_FAILED at https://iphey.com/
Call log:
[2m  - navigating to "https://iphey.com/", waiting until "domcontentloaded"[22m

[2026-07-12T19:49:20.902Z] Error: page.goto: net::ERR_TUNNEL_CONNECTION_FAILED at https://iphey.com/
Call log:
[2m  - navigating to "https://iphey.com/", waiting until "domcontentloaded"[22m

[2026-07-12T19:49:21.786Z] Error: page.goto: net::ERR_TUNNEL_CONNECTION_FAILED at https://iphey.com/
Call log:
[2m  - navigating to "https://iphey.com/", waiting until "domcontentloaded"[22m

[2026-07-12T19:49:27.138Z] Error: page.goto: net::ERR_TUNNEL_CONNECTION_FAILED at https://iphey.com/
Call log:
[2m  - navigating to "https://iphey.com/", waiting until "domcontentloaded"[22m

[2026-07-12T19:49:27.387Z] Error: page.goto: net::ERR_TUNNEL_CONNECTION_FAILED at https://iphey.com/
Call log:
[2m  - navigating to "https://iphey.com/", waiting until "domcontentloaded"[22m

[2026-07-12T19:49:32.616Z] Error: page.goto: net::ERR_TUNNEL_CONNECTION_FAILED at https://iphey.com/
Call log:
[2m  - navigating to "https://iphey.com/", waiting until "domcontentloaded"[22m

[2026-07-12T19:49:32.996Z] Error: page.goto: net::ERR_TUNNEL_CONNECTION_FAILED at https://iphey.com/
Call log:
[2m  - navigating to "https://iphey.com/", waiting until "domcontentloaded"[22m

[2026-07-12T19:49:38.644Z] Error: page.goto: net::ERR_TUNNEL_CONNECTION_FAILED at https://iphey.com/
Call log:
[2m  - navigating to "https://iphey.com/", waiting until "domcontentloaded"[22m

[2026-07-12T19:49:38.679Z] Error: page.goto: net::ERR_TUNNEL_CONNECTION_FAILED at https://iphey.com/
Call log:
[2m  - navigating to "https://iphey.com/", waiting until "domcontentloaded"[22m

[2026-07-12T19:49:43.787Z] Error: page.goto: net::ERR_TUNNEL_CONNECTION_FAILED at https://iphey.com/
Call log:
[2m  - navigating to "https://iphey.com/", waiting until "domcontentloaded"[22m

[2026-07-12T19:49:44.098Z] Error: page.goto: net::ERR_TUNNEL_CONNECTION_FAILED at https://iphey.com/
Call log:
[2m  - navigating to "https://iphey.com/", waiting until "domcontentloaded"[22m

[2026-07-12T19:49:49.664Z] Error: page.goto: net::ERR_TUNNEL_CONNECTION_FAILED at https://iphey.com/
Call log:
[2m  - navigating to "https://iphey.com/", waiting until "domcontentloaded"[22m

[2026-07-12T19:49:49.985Z] Error: page.goto: net::ERR_TUNNEL_CONNECTION_FAILED at https://iphey.com/
Call log:
[2m  - navigating to "https://iphey.com/", waiting until "domcontentloaded"[22m

[2026-07-12T19:49:54.256Z] Error: page.goto: net::ERR_TUNNEL_CONNECTION_FAILED at https://iphey.com/
Call log:
[2m  - navigating to "https://iphey.com/", waiting until "domcontentloaded"[22m

[2026-07-12T19:53:18.429Z] рҹҢё STARTING MASTER ENGINE V6...
[2026-07-12T19:57:38.225Z] рҹҢё STARTING MASTER ENGINE V6...
[2026-07-12T19:57:42.379Z] Error: page.goto: net::ERR_TUNNEL_CONNECTION_FAILED at https://iphey.com/
Call log:
[2m  - navigating to "https://iphey.com/", waiting until "domcontentloaded"[22m

[2026-07-12T19:57:43.123Z] Error: page.goto: net::ERR_TUNNEL_CONNECTION_FAILED at https://iphey.com/
Call log:
[2m  - navigating to "https://iphey.com/", waiting until "domcontentloaded"[22m

[2026-07-12T19:57:49.019Z] Error: page.goto: net::ERR_TUNNEL_CONNECTION_FAILED at https://iphey.com/
Call log:
[2m  - navigating to "https://iphey.com/", waiting until "domcontentloaded"[22m

[2026-07-12T19:57:49.615Z] Error: page.goto: net::ERR_TUNNEL_CONNECTION_FAILED at https://iphey.com/
Call log:
[2m  - navigating to "https://iphey.com/", waiting until "domcontentloaded"[22m

[2026-07-12T19:57:54.252Z] Error: page.goto: net::ERR_TUNNEL_CONNECTION_FAILED at https://iphey.com/
Call log:
[2m  - navigating to "https://iphey.com/", waiting until "domcontentloaded"[22m

[2026-07-12T19:57:54.371Z] Error: page.goto: net::ERR_TUNNEL_CONNECTION_FAILED at https://iphey.com/
Call log:
[2m  - navigating to "https://iphey.com/", waiting until "domcontentloaded"[22m

[2026-07-12T19:57:59.124Z] Error: page.goto: net::ERR_TUNNEL_CONNECTION_FAILED at https://iphey.com/
Call log:
[2m  - navigating to "https://iphey.com/", waiting until "domcontentloaded"[22m

[2026-07-12T19:57:59.168Z] Error: page.goto: net::ERR_TUNNEL_CONNECTION_FAILED at https://iphey.com/
Call log:
[2m  - navigating to "https://iphey.com/", waiting until "domcontentloaded"[22m

[2026-07-12T19:58:05.341Z] Error: page.goto: net::ERR_TUNNEL_CONNECTION_FAILED at https://iphey.com/
Call log:
[2m  - navigating to "https://iphey.com/", waiting until "domcontentloaded"[22m

[2026-07-12T19:58:06.114Z] Error: page.goto: net::ERR_TUNNEL_CONNECTION_FAILED at https://iphey.com/
Call log:
[2m  - navigating to "https://iphey.com/", waiting until "domcontentloaded"[22m

[2026-07-12T19:58:13.294Z] Error: page.goto: net::ERR_TUNNEL_CONNECTION_FAILED at https://iphey.com/
Call log:
[2m  - navigating to "https://iphey.com/", waiting until "domcontentloaded"[22m

[2026-07-12T19:58:14.269Z] Error: page.goto: net::ERR_TUNNEL_CONNECTION_FAILED at https://iphey.com/
Call log:
[2m  - navigating to "https://iphey.com/", waiting until "domcontentloaded"[22m

[2026-07-12T19:58:22.062Z] Error: page.goto: net::ERR_TUNNEL_CONNECTION_FAILED at https://iphey.com/
Call log:
[2m  - navigating to "https://iphey.com/", waiting until "domcontentloaded"[22m

[2026-07-12T19:58:22.203Z] Error: page.goto: net::ERR_TUNNEL_CONNECTION_FAILED at https://iphey.com/
Call log:
[2m  - navigating to "https://iphey.com/", waiting until "domcontentloaded"[22m

[2026-07-12T19:58:26.942Z] Error: page.goto: net::ERR_TUNNEL_CONNECTION_FAILED at https://iphey.com/
Call log:
[2m  - navigating to "https://iphey.com/", waiting until "domcontentloaded"[22m

[2026-07-12T20:15:06.731Z] рҹҢё STARTING MASTER ENGINE V6...
[2026-07-12T20:23:07.421Z] рҹҢё STARTING MASTER ENGINE V6...
[2026-07-12T20:24:37.192Z] рҹҢё STARTING MASTER ENGINE V6...
[2026-07-12T20:24:41.876Z] Error: page.goto: net::ERR_TUNNEL_CONNECTION_FAILED at https://iphey.com/
Call log:
[2m  - navigating to "https://iphey.com/", waiting until "domcontentloaded"[22m

[2026-07-12T20:24:41.977Z] Error: page.goto: net::ERR_TUNNEL_CONNECTION_FAILED at https://iphey.com/
Call log:
[2m  - navigating to "https://iphey.com/", waiting until "domcontentloaded"[22m

[2026-07-12T20:24:47.751Z] Error: page.goto: net::ERR_TUNNEL_CONNECTION_FAILED at https://iphey.com/
Call log:
[2m  - navigating to "https://iphey.com/", waiting until "domcontentloaded"[22m

[2026-07-12T20:24:48.190Z] Error: page.goto: net::ERR_TUNNEL_CONNECTION_FAILED at https://iphey.com/
Call log:
[2m  - navigating to "https://iphey.com/", waiting until "domcontentloaded"[22m

[2026-07-12T20:24:53.336Z] Error: page.goto: net::ERR_TUNNEL_CONNECTION_FAILED at https://iphey.com/
Call log:
[2m  - navigating to "https://iphey.com/", waiting until "domcontentloaded"[22m

[2026-07-12T20:24:53.472Z] Error: page.goto: net::ERR_TUNNEL_CONNECTION_FAILED at https://iphey.com/
Call log:
[2m  - navigating to "https://iphey.com/", waiting until "domcontentloaded"[22m

[2026-07-12T20:24:57.977Z] Error: page.goto: net::ERR_TUNNEL_CONNECTION_FAILED at https://iphey.com/
Call log:
[2m  - navigating to "https://iphey.com/", waiting until "domcontentloaded"[22m

[2026-07-12T20:24:58.043Z] Error: page.goto: net::ERR_TUNNEL_CONNECTION_FAILED at https://iphey.com/
Call log:
[2m  - navigating to "https://iphey.com/", waiting until "domcontentloaded"[22m

[2026-07-12T20:25:03.182Z] Error: page.goto: net::ERR_TUNNEL_CONNECTION_FAILED at https://iphey.com/
Call log:
[2m  - navigating to "https://iphey.com/", waiting until "domcontentloaded"[22m

[2026-07-12T20:25:03.315Z] Error: page.goto: net::ERR_TUNNEL_CONNECTION_FAILED at https://iphey.com/
Call log:
[2m  - navigating to "https://iphey.com/", waiting until "domcontentloaded"[22m

[2026-07-12T20:25:08.535Z] Error: page.goto: net::ERR_TUNNEL_CONNECTION_FAILED at https://iphey.com/
Call log:
[2m  - navigating to "https://iphey.com/", waiting until "domcontentloaded"[22m

[2026-07-12T20:25:08.558Z] Error: page.goto: net::ERR_TUNNEL_CONNECTION_FAILED at https://iphey.com/
Call log:
[2m  - navigating to "https://iphey.com/", waiting until "domcontentloaded"[22m

[2026-07-12T20:25:13.526Z] Error: page.goto: net::ERR_TUNNEL_CONNECTION_FAILED at https://iphey.com/
Call log:
[2m  - navigating to "https://iphey.com/", waiting until "domcontentloaded"[22m

[2026-07-12T20:25:13.987Z] Error: page.goto: net::ERR_TUNNEL_CONNECTION_FAILED at https://iphey.com/
Call log:
[2m  - navigating to "https://iphey.com/", waiting until "domcontentloaded"[22m

[2026-07-12T20:25:17.754Z] Error: page.goto: net::ERR_TUNNEL_CONNECTION_FAILED at https://iphey.com/
Call log:
[2m  - navigating to "https://iphey.com/", waiting until "domcontentloaded"[22m

[2026-07-12T20:33:50.068Z] рҹҢё STARTING MASTER ENGINE V6...
[2026-07-12T20:33:52.887Z] Error: page.goto: net::ERR_TUNNEL_CONNECTION_FAILED at https://iphey.com/
Call log:
[2m  - navigating to "https://iphey.com/", waiting until "domcontentloaded"[22m

[2026-07-12T20:33:53.183Z] Error: page.goto: net::ERR_TUNNEL_CONNECTION_FAILED at https://iphey.com/
Call log:
[2m  - navigating to "https://iphey.com/", waiting until "domcontentloaded"[22m

[2026-07-12T20:33:58.084Z] Error: page.goto: net::ERR_TUNNEL_CONNECTION_FAILED at https://iphey.com/
Call log:
[2m  - navigating to "https://iphey.com/", waiting until "domcontentloaded"[22m

[2026-07-12T20:33:58.123Z] Error: page.goto: net::ERR_TUNNEL_CONNECTION_FAILED at https://iphey.com/
Call log:
[2m  - navigating to "https://iphey.com/", waiting until "domcontentloaded"[22m

[2026-07-12T20:34:03.712Z] Error: page.goto: net::ERR_TUNNEL_CONNECTION_FAILED at https://iphey.com/
Call log:
[2m  - navigating to "https://iphey.com/", waiting until "domcontentloaded"[22m

[2026-07-12T20:34:03.786Z] Error: page.goto: net::ERR_TUNNEL_CONNECTION_FAILED at https://iphey.com/
Call log:
[2m  - navigating to "https://iphey.com/", waiting until "domcontentloaded"[22m

[2026-07-12T20:34:09.181Z] Error: page.goto: net::ERR_TUNNEL_CONNECTION_FAILED at https://iphey.com/
Call log:
[2m  - navigating to "https://iphey.com/", waiting until "domcontentloaded"[22m

[2026-07-12T20:34:09.292Z] Error: page.goto: net::ERR_TUNNEL_CONNECTION_FAILED at https://iphey.com/
Call log:
[2m  - navigating to "https://iphey.com/", waiting until "domcontentloaded"[22m

[2026-07-12T20:34:17.908Z] Error: page.goto: net::ERR_TUNNEL_CONNECTION_FAILED at https://iphey.com/
Call log:
[2m  - navigating to "https://iphey.com/", waiting until "domcontentloaded"[22m

[2026-07-12T20:34:20.214Z] Error: page.goto: net::ERR_TUNNEL_CONNECTION_FAILED at https://iphey.com/
Call log:
[2m  - navigating to "https://iphey.com/", waiting until "domcontentloaded"[22m

[2026-07-12T20:34:27.064Z] Error: page.goto: net::ERR_TUNNEL_CONNECTION_FAILED at https://iphey.com/
Call log:
[2m  - navigating to "https://iphey.com/", waiting until "domcontentloaded"[22m

[2026-07-12T20:34:27.099Z] Error: page.goto: net::ERR_TUNNEL_CONNECTION_FAILED at https://iphey.com/
Call log:
[2m  - navigating to "https://iphey.com/", waiting until "domcontentloaded"[22m

[2026-07-12T20:34:32.426Z] Error: page.goto: net::ERR_TUNNEL_CONNECTION_FAILED at https://iphey.com/
Call log:
[2m  - navigating to "https://iphey.com/", waiting until "domcontentloaded"[22m

[2026-07-12T20:34:32.562Z] Error: page.goto: net::ERR_TUNNEL_CONNECTION_FAILED at https://iphey.com/
Call log:
[2m  - navigating to "https://iphey.com/", waiting until "domcontentloaded"[22m

[2026-07-12T20:34:36.799Z] Error: page.goto: net::ERR_TUNNEL_CONNECTION_FAILED at https://iphey.com/
Call log:
[2m  - navigating to "https://iphey.com/", waiting until "domcontentloaded"[22m

[2026-07-12T20:38:25.003Z] рҹҢё STARTING MASTER ENGINE V6...
[2026-07-12T20:38:27.524Z] Error: page.goto: net::ERR_TUNNEL_CONNECTION_FAILED at https://ipify.org/
Call log:
[2m  - navigating to "https://ipify.org/", waiting until "domcontentloaded"[22m

[2026-07-12T20:38:27.570Z] Error: page.goto: net::ERR_TUNNEL_CONNECTION_FAILED at https://ipify.org/
Call log:
[2m  - navigating to "https://ipify.org/", waiting until "domcontentloaded"[22m

[2026-07-12T20:38:32.578Z] Error: page.goto: net::ERR_TUNNEL_CONNECTION_FAILED at https://ipify.org/
Call log:
[2m  - navigating to "https://ipify.org/", waiting until "domcontentloaded"[22m

[2026-07-12T20:38:32.705Z] Error: page.goto: net::ERR_TUNNEL_CONNECTION_FAILED at https://ipify.org/
Call log:
[2m  - navigating to "https://ipify.org/", waiting until "domcontentloaded"[22m

[2026-07-12T20:38:40.445Z] Error: page.goto: net::ERR_TUNNEL_CONNECTION_FAILED at https://ipify.org/
Call log:
[2m  - navigating to "https://ipify.org/", waiting until "domcontentloaded"[22m

[2026-07-12T20:38:40.532Z] Error: page.goto: net::ERR_TUNNEL_CONNECTION_FAILED at https://ipify.org/
Call log:
[2m  - navigating to "https://ipify.org/", waiting until "domcontentloaded"[22m

[2026-07-12T20:38:47.032Z] Error: page.goto: net::ERR_TUNNEL_CONNECTION_FAILED at https://ipify.org/
Call log:
[2m  - navigating to "https://ipify.org/", waiting until "domcontentloaded"[22m

[2026-07-12T20:38:47.353Z] Error: page.goto: net::ERR_TUNNEL_CONNECTION_FAILED at https://ipify.org/
Call log:
[2m  - navigating to "https://ipify.org/", waiting until "domcontentloaded"[22m

[2026-07-12T20:38:51.549Z] Error: page.goto: net::ERR_TUNNEL_CONNECTION_FAILED at https://ipify.org/
Call log:
[2m  - navigating to "https://ipify.org/", waiting until "domcontentloaded"[22m

[2026-07-12T20:38:51.638Z] Error: page.goto: net::ERR_TUNNEL_CONNECTION_FAILED at https://ipify.org/
Call log:
[2m  - navigating to "https://ipify.org/", waiting until "domcontentloaded"[22m

[2026-07-12T20:38:56.747Z] Error: page.goto: net::ERR_TUNNEL_CONNECTION_FAILED at https://ipify.org/
Call log:
[2m  - navigating to "https://ipify.org/", waiting until "domcontentloaded"[22m

[2026-07-12T20:38:56.775Z] Error: page.goto: net::ERR_TUNNEL_CONNECTION_FAILED at https://ipify.org/
Call log:
[2m  - navigating to "https://ipify.org/", waiting until "domcontentloaded"[22m

[2026-07-12T20:39:02.422Z] Error: page.goto: net::ERR_TUNNEL_CONNECTION_FAILED at https://ipify.org/
Call log:
[2m  - navigating to "https://ipify.org/", waiting until "domcontentloaded"[22m

[2026-07-12T20:39:02.659Z] Error: page.goto: net::ERR_TUNNEL_CONNECTION_FAILED at https://ipify.org/
Call log:
[2m  - navigating to "https://ipify.org/", waiting until "domcontentloaded"[22m

[2026-07-12T20:39:07.620Z] Error: page.goto: net::ERR_TUNNEL_CONNECTION_FAILED at https://ipify.org/
Call log:
[2m  - navigating to "https://ipify.org/", waiting until "domcontentloaded"[22m

[2026-07-12T20:56:57.419Z] рҹҢё STARTING MASTER ENGINE V6...
[2026-07-12T20:56:59.554Z] Error: page.goto: net::ERR_TUNNEL_CONNECTION_FAILED at https://ipify.org/
Call log:
[2m  - navigating to "https://ipify.org/", waiting until "domcontentloaded"[22m

[2026-07-12T20:57:01.941Z] Error: page.goto: net::ERR_TUNNEL_CONNECTION_FAILED at https://ipify.org/
Call log:
[2m  - navigating to "https://ipify.org/", waiting until "domcontentloaded"[22m

[2026-07-12T20:57:04.715Z] Error: page.goto: net::ERR_TUNNEL_CONNECTION_FAILED at https://ipify.org/
Call log:
[2m  - navigating to "https://ipify.org/", waiting until "domcontentloaded"[22m

[2026-07-12T20:57:07.065Z] Error: page.goto: net::ERR_TUNNEL_CONNECTION_FAILED at https://ipify.org/
Call log:
[2m  - navigating to "https://ipify.org/", waiting until "domcontentloaded"[22m

[2026-07-12T20:57:09.275Z] Error: page.goto: net::ERR_TUNNEL_CONNECTION_FAILED at https://ipify.org/
Call log:
[2m  - navigating to "https://ipify.org/", waiting until "domcontentloaded"[22m

[2026-07-12T20:57:11.788Z] Error: page.goto: net::ERR_TUNNEL_CONNECTION_FAILED at https://ipify.org/
Call log:
[2m  - navigating to "https://ipify.org/", waiting until "domcontentloaded"[22m

[2026-07-12T20:57:14.034Z] Error: page.goto: net::ERR_TUNNEL_CONNECTION_FAILED at https://ipify.org/
Call log:
[2m  - navigating to "https://ipify.org/", waiting until "domcontentloaded"[22m

[2026-07-12T20:57:16.434Z] Error: page.goto: net::ERR_TUNNEL_CONNECTION_FAILED at https://ipify.org/
Call log:
[2m  - navigating to "https://ipify.org/", waiting until "domcontentloaded"[22m

[2026-07-12T20:57:18.715Z] Error: page.goto: net::ERR_TUNNEL_CONNECTION_FAILED at https://ipify.org/
Call log:
[2m  - navigating to "https://ipify.org/", waiting until "domcontentloaded"[22m

[2026-07-12T20:57:21.282Z] Error: page.goto: net::ERR_TUNNEL_CONNECTION_FAILED at https://ipify.org/
Call log:
[2m  - navigating to "https://ipify.org/", waiting until "domcontentloaded"[22m

[2026-07-12T20:57:24.181Z] Error: page.goto: net::ERR_TUNNEL_CONNECTION_FAILED at https://ipify.org/
Call log:
[2m  - navigating to "https://ipify.org/", waiting until "domcontentloaded"[22m

[2026-07-12T20:57:26.885Z] Error: page.goto: net::ERR_TUNNEL_CONNECTION_FAILED at https://ipify.org/
Call log:
[2m  - navigating to "https://ipify.org/", waiting until "domcontentloaded"[22m

[2026-07-12T20:57:29.487Z] Error: page.goto: net::ERR_TUNNEL_CONNECTION_FAILED at https://ipify.org/
Call log:
[2m  - navigating to "https://ipify.org/", waiting until "domcontentloaded"[22m

[2026-07-12T20:57:32.194Z] Error: page.goto: net::ERR_TUNNEL_CONNECTION_FAILED at https://ipify.org/
Call log:
[2m  - navigating to "https://ipify.org/", waiting until "domcontentloaded"[22m

[2026-07-12T20:57:34.872Z] Error: page.goto: net::ERR_TUNNEL_CONNECTION_FAILED at https://ipify.org/
Call log:
[2m  - navigating to "https://ipify.org/", waiting until "domcontentloaded"[22m

[2026-07-12T22:16:05.335Z] рҹҢё STARTING MASTER ENGINE V6...
[2026-07-12T22:16:07.915Z] Error: page.goto: net::ERR_TUNNEL_CONNECTION_FAILED at https://ipify.org/
Call log:
[2m  - navigating to "https://ipify.org/", waiting until "domcontentloaded"[22m

[2026-07-12T22:16:09.768Z] Error: page.goto: net::ERR_TUNNEL_CONNECTION_FAILED at https://ipify.org/
Call log:
[2m  - navigating to "https://ipify.org/", waiting until "domcontentloaded"[22m

[2026-07-12T22:16:11.648Z] Error: page.goto: net::ERR_TUNNEL_CONNECTION_FAILED at https://ipify.org/
Call log:
[2m  - navigating to "https://ipify.org/", waiting until "domcontentloaded"[22m

[2026-07-12T22:16:13.512Z] Error: page.goto: net::ERR_TUNNEL_CONNECTION_FAILED at https://ipify.org/
Call log:
[2m  - navigating to "https://ipify.org/", waiting until "domcontentloaded"[22m

[2026-07-12T22:16:15.172Z] Error: page.goto: net::ERR_TUNNEL_CONNECTION_FAILED at https://ipify.org/
Call log:
[2m  - navigating to "https://ipify.org/", waiting until "domcontentloaded"[22m

[2026-07-12T22:16:17.163Z] Error: page.goto: net::ERR_TUNNEL_CONNECTION_FAILED at https://ipify.org/
Call log:
[2m  - navigating to "https://ipify.org/", waiting until "domcontentloaded"[22m

[2026-07-12T22:16:19.005Z] Error: page.goto: net::ERR_TUNNEL_CONNECTION_FAILED at https://ipify.org/
Call log:
[2m  - navigating to "https://ipify.org/", waiting until "domcontentloaded"[22m

[2026-07-12T22:16:21.055Z] Error: page.goto: net::ERR_TUNNEL_CONNECTION_FAILED at https://ipify.org/
Call log:
[2m  - navigating to "https://ipify.org/", waiting until "domcontentloaded"[22m

[2026-07-12T22:16:22.868Z] Error: page.goto: net::ERR_TUNNEL_CONNECTION_FAILED at https://ipify.org/
Call log:
[2m  - navigating to "https://ipify.org/", waiting until "domcontentloaded"[22m

[2026-07-12T22:16:24.647Z] Error: page.goto: net::ERR_TUNNEL_CONNECTION_FAILED at https://ipify.org/
Call log:
[2m  - navigating to "https://ipify.org/", waiting until "domcontentloaded"[22m

[2026-07-12T22:16:26.752Z] Error: page.goto: net::ERR_TUNNEL_CONNECTION_FAILED at https://ipify.org/
Call log:
[2m  - navigating to "https://ipify.org/", waiting until "domcontentloaded"[22m

[2026-07-12T22:16:28.764Z] Error: page.goto: net::ERR_TUNNEL_CONNECTION_FAILED at https://ipify.org/
Call log:
[2m  - navigating to "https://ipify.org/", waiting until "domcontentloaded"[22m

[2026-07-12T22:16:31.104Z] Error: page.goto: net::ERR_TUNNEL_CONNECTION_FAILED at https://ipify.org/
Call log:
[2m  - navigating to "https://ipify.org/", waiting until "domcontentloaded"[22m

[2026-07-12T22:16:33.447Z] Error: page.goto: net::ERR_TUNNEL_CONNECTION_FAILED at https://ipify.org/
Call log:
[2m  - navigating to "https://ipify.org/", waiting until "domcontentloaded"[22m

[2026-07-12T22:16:35.676Z] Error: page.goto: net::ERR_TUNNEL_CONNECTION_FAILED at https://ipify.org/
Call log:
[2m  - navigating to "https://ipify.org/", waiting until "domcontentloaded"[22m

[2026-07-12T22:29:32.047Z] рҹҢё STARTING MASTER ENGINE V6...
[2026-07-12T22:29:32.062Z] Error: browserType.launchPersistentContext: Browser does not support socks5 proxy authentication
[2026-07-12T22:29:32.064Z] Error: browserType.launchPersistentContext: Browser does not support socks5 proxy authentication
[2026-07-12T22:29:32.067Z] Error: browserType.launchPersistentContext: Browser does not support socks5 proxy authentication
[2026-07-12T22:29:32.069Z] Error: browserType.launchPersistentContext: Browser does not support socks5 proxy authentication
[2026-07-12T22:29:32.076Z] Error: browserType.launchPersistentContext: Browser does not support socks5 proxy authentication
[2026-07-12T22:29:32.078Z] Error: browserType.launchPersistentContext: Browser does not support socks5 proxy authentication
[2026-07-12T22:29:32.080Z] Error: browserType.launchPersistentContext: Browser does not support socks5 proxy authentication
[2026-07-12T22:29:32.082Z] Error: browserType.launchPersistentContext: Browser does not support socks5 proxy authentication
[2026-07-12T22:29:32.086Z] Error: browserType.launchPersistentContext: Browser does not support socks5 proxy authentication
[2026-07-12T22:29:32.091Z] Error: browserType.launchPersistentContext: Browser does not support socks5 proxy authentication
[2026-07-12T22:29:32.096Z] Error: browserType.launchPersistentContext: Browser does not support socks5 proxy authentication
[2026-07-12T22:29:32.097Z] Error: browserType.launchPersistentContext: Browser does not support socks5 proxy authentication
[2026-07-12T22:29:32.099Z] Error: browserType.launchPersistentContext: Browser does not support socks5 proxy authentication
[2026-07-12T22:29:32.101Z] Error: browserType.launchPersistentContext: Browser does not support socks5 proxy authentication
[2026-07-12T22:29:32.103Z] Error: browserType.launchPersistentContext: Browser does not support socks5 proxy authentication
[2026-07-12T22:30:41.150Z] рҹҢё STARTING MASTER ENGINE V6...
[2026-07-12T22:30:41.168Z] Error: browserType.launchPersistentContext: Browser does not support socks5 proxy authentication
[2026-07-12T22:30:41.171Z] Error: browserType.launchPersistentContext: Browser does not support socks5 proxy authentication
[2026-07-12T22:30:41.173Z] Error: browserType.launchPersistentContext: Browser does not support socks5 proxy authentication
[2026-07-12T22:30:41.178Z] Error: browserType.launchPersistentContext: Browser does not support socks5 proxy authentication
[2026-07-12T22:30:41.180Z] Error: browserType.launchPersistentContext: Browser does not support socks5 proxy authentication
[2026-07-12T22:30:41.181Z] Error: browserType.launchPersistentContext: Browser does not support socks5 proxy authentication
[2026-07-12T22:30:41.183Z] Error: browserType.launchPersistentContext: Browser does not support socks5 proxy authentication
[2026-07-12T22:30:41.186Z] Error: browserType.launchPersistentContext: Browser does not support socks5 proxy authentication
[2026-07-12T22:30:41.188Z] Error: browserType.launchPersistentContext: Browser does not support socks5 proxy authentication
[2026-07-12T22:30:41.190Z] Error: browserType.launchPersistentContext: Browser does not support socks5 proxy authentication
[2026-07-12T22:30:41.194Z] Error: browserType.launchPersistentContext: Browser does not support socks5 proxy authentication
[2026-07-12T22:30:41.195Z] Error: browserType.launchPersistentContext: Browser does not support socks5 proxy authentication
[2026-07-12T22:30:41.197Z] Error: browserType.launchPersistentContext: Browser does not support socks5 proxy authentication
[2026-07-12T22:30:41.199Z] Error: browserType.launchPersistentContext: Browser does not support socks5 proxy authentication
[2026-07-12T22:30:41.201Z] Error: browserType.launchPersistentContext: Browser does not support socks5 proxy authentication
[2026-07-12T22:32:43.663Z] рҹҢё STARTING MASTER ENGINE V6...
[2026-07-12T22:35:33.034Z] рҹҢё STARTING MASTER ENGINE V6...
[2026-07-12T22:35:34.778Z] Error: page.goto: net::ERR_TUNNEL_CONNECTION_FAILED at https://ipify.org/
Call log:
[2m  - navigating to "https://ipify.org/", waiting until "domcontentloaded"[22m

[2026-07-12T22:35:36.975Z] Error: page.goto: net::ERR_TUNNEL_CONNECTION_FAILED at https://ipify.org/
Call log:
[2m  - navigating to "https://ipify.org/", waiting until "domcontentloaded"[22m

[2026-07-12T22:35:38.803Z] Error: page.goto: net::ERR_TUNNEL_CONNECTION_FAILED at https://ipify.org/
Call log:
[2m  - navigating to "https://ipify.org/", waiting until "domcontentloaded"[22m

[2026-07-12T22:35:40.709Z] Error: page.goto: net::ERR_TUNNEL_CONNECTION_FAILED at https://ipify.org/
Call log:
[2m  - navigating to "https://ipify.org/", waiting until "domcontentloaded"[22m

[2026-07-12T22:35:42.682Z] Error: page.goto: net::ERR_TUNNEL_CONNECTION_FAILED at https://ipify.org/
Call log:
[2m  - navigating to "https://ipify.org/", waiting until "domcontentloaded"[22m

[2026-07-12T22:35:45.001Z] Error: page.goto: net::ERR_TUNNEL_CONNECTION_FAILED at https://ipify.org/
Call log:
[2m  - navigating to "https://ipify.org/", waiting until "domcontentloaded"[22m

[2026-07-12T22:35:47.178Z] Error: page.goto: net::ERR_TUNNEL_CONNECTION_FAILED at https://ipify.org/
Call log:
[2m  - navigating to "https://ipify.org/", waiting until "domcontentloaded"[22m

[2026-07-12T22:35:49.761Z] Error: page.goto: net::ERR_TUNNEL_CONNECTION_FAILED at https://ipify.org/
Call log:
[2m  - navigating to "https://ipify.org/", waiting until "domcontentloaded"[22m

[2026-07-12T22:35:52.355Z] Error: page.goto: net::ERR_TUNNEL_CONNECTION_FAILED at https://ipify.org/
Call log:
[2m  - navigating to "https://ipify.org/", waiting until "domcontentloaded"[22m

[2026-07-12T22:35:55.067Z] Error: page.goto: net::ERR_TUNNEL_CONNECTION_FAILED at https://ipify.org/
Call log:
[2m  - navigating to "https://ipify.org/", waiting until "domcontentloaded"[22m

[2026-07-12T22:35:57.185Z] Error: page.goto: net::ERR_TUNNEL_CONNECTION_FAILED at https://ipify.org/
Call log:
[2m  - navigating to "https://ipify.org/", waiting until "domcontentloaded"[22m

[2026-07-12T22:35:59.066Z] Error: page.goto: net::ERR_TUNNEL_CONNECTION_FAILED at https://ipify.org/
Call log:
[2m  - navigating to "https://ipify.org/", waiting until "domcontentloaded"[22m

[2026-07-12T22:36:01.735Z] Error: page.goto: net::ERR_TUNNEL_CONNECTION_FAILED at https://ipify.org/
Call log:
[2m  - navigating to "https://ipify.org/", waiting until "domcontentloaded"[22m

[2026-07-12T22:36:03.988Z] Error: page.goto: net::ERR_TUNNEL_CONNECTION_FAILED at https://ipify.org/
Call log:
[2m  - navigating to "https://ipify.org/", waiting until "domcontentloaded"[22m

[2026-07-12T22:36:05.907Z] Error: page.goto: net::ERR_TUNNEL_CONNECTION_FAILED at https://ipify.org/
Call log:
[2m  - navigating to "https://ipify.org/", waiting until "domcontentloaded"[22m

[2026-07-12T23:28:02.545Z] рҹҢё STARTING MASTER ENGINE V6...
[2026-07-12T23:28:05.458Z] Error: page.goto: net::ERR_TUNNEL_CONNECTION_FAILED at https://ipify.org/
Call log:
[2m  - navigating to "https://ipify.org/", waiting until "domcontentloaded"[22m

[2026-07-12T23:28:08.476Z] Error: page.goto: net::ERR_TUNNEL_CONNECTION_FAILED at https://ipify.org/
Call log:
[2m  - navigating to "https://ipify.org/", waiting until "domcontentloaded"[22m

[2026-07-12T23:28:12.358Z] Error: page.goto: net::ERR_TUNNEL_CONNECTION_FAILED at https://ipify.org/
Call log:
[2m  - navigating to "https://ipify.org/", waiting until "domcontentloaded"[22m

[2026-07-12T23:28:15.238Z] Error: page.goto: net::ERR_TUNNEL_CONNECTION_FAILED at https://ipify.org/
Call log:
[2m  - navigating to "https://ipify.org/", waiting until "domcontentloaded"[22m

[2026-07-12T23:28:18.662Z] Error: page.goto: net::ERR_TUNNEL_CONNECTION_FAILED at https://ipify.org/
Call log:
[2m  - navigating to "https://ipify.org/", waiting until "domcontentloaded"[22m

[2026-07-12T23:28:22.161Z] Error: page.goto: net::ERR_TUNNEL_CONNECTION_FAILED at https://ipify.org/
Call log:
[2m  - navigating to "https://ipify.org/", waiting until "domcontentloaded"[22m

[2026-07-12T23:28:26.294Z] Error: page.goto: net::ERR_TUNNEL_CONNECTION_FAILED at https://ipify.org/
Call log:
[2m  - navigating to "https://ipify.org/", waiting until "domcontentloaded"[22m

[2026-07-12T23:28:29.088Z] Error: page.goto: net::ERR_TUNNEL_CONNECTION_FAILED at https://ipify.org/
Call log:
[2m  - navigating to "https://ipify.org/", waiting until "domcontentloaded"[22m

[2026-07-12T23:28:32.507Z] Error: page.goto: net::ERR_TUNNEL_CONNECTION_FAILED at https://ipify.org/
Call log:
[2m  - navigating to "https://ipify.org/", waiting until "domcontentloaded"[22m

[2026-07-12T23:28:35.019Z] Error: page.goto: net::ERR_TUNNEL_CONNECTION_FAILED at https://ipify.org/
Call log:
[2m  - navigating to "https://ipify.org/", waiting until "domcontentloaded"[22m

[2026-07-12T23:28:37.311Z] Error: page.goto: net::ERR_TUNNEL_CONNECTION_FAILED at https://ipify.org/
Call log:
[2m  - navigating to "https://ipify.org/", waiting until "domcontentloaded"[22m

[2026-07-12T23:28:40.295Z] Error: page.goto: net::ERR_TUNNEL_CONNECTION_FAILED at https://ipify.org/
Call log:
[2m  - navigating to "https://ipify.org/", waiting until "domcontentloaded"[22m

[2026-07-12T23:28:43.229Z] Error: page.goto: net::ERR_TUNNEL_CONNECTION_FAILED at https://ipify.org/
Call log:
[2m  - navigating to "https://ipify.org/", waiting until "domcontentloaded"[22m

[2026-07-12T23:28:45.712Z] Error: page.goto: net::ERR_TUNNEL_CONNECTION_FAILED at https://ipify.org/
Call log:
[2m  - navigating to "https://ipify.org/", waiting until "domcontentloaded"[22m

[2026-07-12T23:28:48.360Z] Error: page.goto: net::ERR_TUNNEL_CONNECTION_FAILED at https://ipify.org/
Call log:
[2m  - navigating to "https://ipify.org/", waiting until "domcontentloaded"[22m

[2026-07-12T23:36:54.218Z] рҹҢё STARTING MASTER ENGINE V6...
[2026-07-12T23:41:02.561Z] рҹҢё STARTING MASTER ENGINE V6...
[2026-07-12T23:41:04.137Z] Error: page.goto: net::ERR_TUNNEL_CONNECTION_FAILED at https://ipify.org/
Call log:
[2m  - navigating to "https://ipify.org/", waiting until "domcontentloaded"[22m

[2026-07-12T23:41:06.470Z] Error: page.goto: net::ERR_TUNNEL_CONNECTION_FAILED at https://ipify.org/
Call log:
[2m  - navigating to "https://ipify.org/", waiting until "domcontentloaded"[22m

[2026-07-12T23:41:08.891Z] Error: page.goto: net::ERR_TUNNEL_CONNECTION_FAILED at https://ipify.org/
Call log:
[2m  - navigating to "https://ipify.org/", waiting until "domcontentloaded"[22m

[2026-07-12T23:41:11.377Z] Error: page.goto: net::ERR_TUNNEL_CONNECTION_FAILED at https://ipify.org/
Call log:
[2m  - navigating to "https://ipify.org/", waiting until "domcontentloaded"[22m

[2026-07-12T23:41:13.690Z] Error: page.goto: net::ERR_TUNNEL_CONNECTION_FAILED at https://ipify.org/
Call log:
[2m  - navigating to "https://ipify.org/", waiting until "domcontentloaded"[22m

[2026-07-12T23:41:16.060Z] Error: page.goto: net::ERR_TUNNEL_CONNECTION_FAILED at https://ipify.org/
Call log:
[2m  - navigating to "https://ipify.org/", waiting until "domcontentloaded"[22m

[2026-07-12T23:41:18.265Z] Error: page.goto: net::ERR_TUNNEL_CONNECTION_FAILED at https://ipify.org/
Call log:
[2m  - navigating to "https://ipify.org/", waiting until "domcontentloaded"[22m

[2026-07-12T23:41:20.864Z] Error: page.goto: net::ERR_TUNNEL_CONNECTION_FAILED at https://ipify.org/
Call log:
[2m  - navigating to "https://ipify.org/", waiting until "domcontentloaded"[22m

[2026-07-12T23:41:22.996Z] Error: page.goto: net::ERR_TUNNEL_CONNECTION_FAILED at https://ipify.org/
Call log:
[2m  - navigating to "https://ipify.org/", waiting until "domcontentloaded"[22m

[2026-07-12T23:41:25.611Z] Error: page.goto: net::ERR_TUNNEL_CONNECTION_FAILED at https://ipify.org/
Call log:
[2m  - navigating to "https://ipify.org/", waiting until "domcontentloaded"[22m

[2026-07-12T23:41:27.878Z] Error: page.goto: net::ERR_TUNNEL_CONNECTION_FAILED at https://ipify.org/
Call log:
[2m  - navigating to "https://ipify.org/", waiting until "domcontentloaded"[22m

[2026-07-12T23:41:30.181Z] Error: page.goto: net::ERR_TUNNEL_CONNECTION_FAILED at https://ipify.org/
Call log:
[2m  - navigating to "https://ipify.org/", waiting until "domcontentloaded"[22m

[2026-07-12T23:41:32.561Z] Error: page.goto: net::ERR_TUNNEL_CONNECTION_FAILED at https://ipify.org/
Call log:
[2m  - navigating to "https://ipify.org/", waiting until "domcontentloaded"[22m

[2026-07-12T23:41:35.059Z] Error: page.goto: net::ERR_TUNNEL_CONNECTION_FAILED at https://ipify.org/
Call log:
[2m  - navigating to "https://ipify.org/", waiting until "domcontentloaded"[22m

[2026-07-12T23:41:38.814Z] Error: page.goto: net::ERR_TUNNEL_CONNECTION_FAILED at https://ipify.org/
Call log:
[2m  - navigating to "https://ipify.org/", waiting until "domcontentloaded"[22m

[2026-07-12T23:43:24.788Z] рҹҢё STARTING MASTER ENGINE V6...
[2026-07-12T23:43:32.199Z] [Luб»“ng 1] Gate: http://localhost:10000 | Card: 414720******
[2026-07-12T23:43:34.613Z] Error: page.goto: net::ERR_CONNECTION_REFUSED at http://localhost:10000/
Call log:
[2m  - navigating to "http://localhost:10000/", waiting until "domcontentloaded"[22m

[2026-07-12T23:43:42.509Z] [Luб»“ng 2] Gate: http://localhost:10000 | Card: 410039******
[2026-07-12T23:43:44.921Z] Error: page.goto: net::ERR_CONNECTION_REFUSED at http://localhost:10000/
Call log:
[2m  - navigating to "http://localhost:10000/", waiting until "domcontentloaded"[22m

[2026-07-12T23:43:52.599Z] [Luб»“ng 3] Gate: http://localhost:10000 | Card: 371714******
[2026-07-12T23:43:54.986Z] Error: page.goto: net::ERR_CONNECTION_REFUSED at http://localhost:10000/
Call log:
[2m  - navigating to "http://localhost:10000/", waiting until "domcontentloaded"[22m

[2026-07-12T23:44:02.346Z] [Luб»“ng 4] Gate: http://localhost:10000 | Card: 379363******
[2026-07-12T23:44:04.734Z] Error: page.goto: net::ERR_CONNECTION_REFUSED at http://localhost:10000/
Call log:
[2m  - navigating to "http://localhost:10000/", waiting until "domcontentloaded"[22m

[2026-07-12T23:44:12.658Z] [Luб»“ng 5] Gate: http://localhost:10000 | Card: 479853******
[2026-07-12T23:44:15.012Z] Error: page.goto: net::ERR_CONNECTION_REFUSED at http://localhost:10000/
Call log:
[2m  - navigating to "http://localhost:10000/", waiting until "domcontentloaded"[22m

[2026-07-12T23:44:23.518Z] [Luб»“ng 6] Gate: http://localhost:10000 | Card: 441359******
[2026-07-12T23:44:25.886Z] Error: page.goto: net::ERR_CONNECTION_REFUSED at http://localhost:10000/
Call log:
[2m  - navigating to "http://localhost:10000/", waiting until "domcontentloaded"[22m

[2026-07-12T23:44:34.588Z] [Luб»“ng 7] Gate: http://localhost:10000 | Card: 517805******
[2026-07-12T23:44:36.980Z] Error: page.goto: net::ERR_CONNECTION_REFUSED at http://localhost:10000/
Call log:
[2m  - navigating to "http://localhost:10000/", waiting until "domcontentloaded"[22m

[2026-07-12T23:44:44.442Z] [Luб»“ng 8] Gate: http://localhost:10000 | Card: 426684******
[2026-07-12T23:44:46.827Z] Error: page.goto: net::ERR_CONNECTION_REFUSED at http://localhost:10000/
Call log:
[2m  - navigating to "http://localhost:10000/", waiting until "domcontentloaded"[22m

[2026-07-12T23:44:54.531Z] [Luб»“ng 9] Gate: http://localhost:10000 | Card: 410039******
[2026-07-12T23:44:56.936Z] Error: page.goto: net::ERR_CONNECTION_REFUSED at http://localhost:10000/
Call log:
[2m  - navigating to "http://localhost:10000/", waiting until "domcontentloaded"[22m

[2026-07-12T23:45:04.870Z] [Luб»“ng 10] Gate: http://localhost:10000 | Card: 542418******
[2026-07-12T23:45:07.256Z] Error: page.goto: net::ERR_CONNECTION_REFUSED at http://localhost:10000/
Call log:
[2m  - navigating to "http://localhost:10000/", waiting until "domcontentloaded"[22m

[2026-07-12T23:45:15.110Z] [Luб»“ng 11] Gate: http://localhost:10000 | Card: 544317******
[2026-07-12T23:45:17.520Z] Error: page.goto: net::ERR_CONNECTION_REFUSED at http://localhost:10000/
Call log:
[2m  - navigating to "http://localhost:10000/", waiting until "domcontentloaded"[22m

[2026-07-12T23:45:25.270Z] [Luб»“ng 12] Gate: http://localhost:10000 | Card: 405731******
[2026-07-12T23:45:27.670Z] Error: page.goto: net::ERR_CONNECTION_REFUSED at http://localhost:10000/
Call log:
[2m  - navigating to "http://localhost:10000/", waiting until "domcontentloaded"[22m

[2026-07-12T23:45:35.163Z] [Luб»“ng 13] Gate: http://localhost:10000 | Card: 515676******
[2026-07-12T23:45:37.559Z] Error: page.goto: net::ERR_CONNECTION_REFUSED at http://localhost:10000/
Call log:
[2m  - navigating to "http://localhost:10000/", waiting until "domcontentloaded"[22m

[2026-07-12T23:45:45.516Z] [Luб»“ng 14] Gate: http://localhost:10000 | Card: 517805******
[2026-07-12T23:45:47.895Z] Error: page.goto: net::ERR_CONNECTION_REFUSED at http://localhost:10000/
Call log:
[2m  - navigating to "http://localhost:10000/", waiting until "domcontentloaded"[22m

[2026-07-12T23:45:55.166Z] [Luб»“ng 15] Gate: http://localhost:10000 | Card: 414720******
[2026-07-12T23:45:57.559Z] Error: page.goto: net::ERR_CONNECTION_REFUSED at http://localhost:10000/
Call log:
[2m  - navigating to "http://localhost:10000/", waiting until "domcontentloaded"[22m

[2026-07-12T23:51:56.877Z] рҹҢё STARTING MASTER ENGINE V6...
[2026-07-12T23:52:06.098Z] [Luб»“ng 1] Gate: http://localhost:10000 | Card: 414720******
[2026-07-12T23:52:08.498Z] Error: page.goto: net::ERR_CONNECTION_REFUSED at http://localhost:10000/
Call log:
[2m  - navigating to "http://localhost:10000/", waiting until "domcontentloaded"[22m

[2026-07-12T23:52:18.653Z] [Luб»“ng 2] Gate: http://localhost:10000 | Card: 410039******
[2026-07-12T23:52:21.078Z] Error: page.goto: net::ERR_CONNECTION_REFUSED at http://localhost:10000/
Call log:
[2m  - navigating to "http://localhost:10000/", waiting until "domcontentloaded"[22m

[2026-07-12T23:52:29.086Z] [Luб»“ng 3] Gate: http://localhost:10000 | Card: 371714******
[2026-07-12T23:52:31.503Z] Error: page.goto: net::ERR_CONNECTION_REFUSED at http://localhost:10000/
Call log:
[2m  - navigating to "http://localhost:10000/", waiting until "domcontentloaded"[22m

[2026-07-12T23:52:39.284Z] [Luб»“ng 4] Gate: http://localhost:10000 | Card: 379363******
[2026-07-12T23:52:41.694Z] Error: page.goto: net::ERR_CONNECTION_REFUSED at http://localhost:10000/
Call log:
[2m  - navigating to "http://localhost:10000/", waiting until "domcontentloaded"[22m

[2026-07-12T23:52:49.939Z] [Luб»“ng 5] Gate: http://localhost:10000 | Card: 479853******
[2026-07-12T23:52:52.289Z] Error: page.goto: net::ERR_CONNECTION_REFUSED at http://localhost:10000/
Call log:
[2m  - navigating to "http://localhost:10000/", waiting until "domcontentloaded"[22m

[2026-07-12T23:53:01.162Z] [Luб»“ng 6] Gate: http://localhost:10000 | Card: 441359******
[2026-07-12T23:53:03.531Z] Error: page.goto: net::ERR_CONNECTION_REFUSED at http://localhost:10000/
Call log:
[2m  - navigating to "http://localhost:10000/", waiting until "domcontentloaded"[22m

[2026-07-12T23:53:13.080Z] [Luб»“ng 7] Gate: http://localhost:10000 | Card: 517805******
[2026-07-12T23:53:15.439Z] Error: page.goto: net::ERR_CONNECTION_REFUSED at http://localhost:10000/
Call log:
[2m  - navigating to "http://localhost:10000/", waiting until "domcontentloaded"[22m

[2026-07-12T23:53:23.747Z] [Luб»“ng 8] Gate: http://localhost:10000 | Card: 426684******
[2026-07-12T23:53:26.156Z] Error: page.goto: net::ERR_CONNECTION_REFUSED at http://localhost:10000/
Call log:
[2m  - navigating to "http://localhost:10000/", waiting until "domcontentloaded"[22m

[2026-07-12T23:53:35.107Z] [Luб»“ng 9] Gate: http://localhost:10000 | Card: 410039******
[2026-07-12T23:53:37.530Z] Error: page.goto: net::ERR_CONNECTION_REFUSED at http://localhost:10000/
Call log:
[2m  - navigating to "http://localhost:10000/", waiting until "domcontentloaded"[22m

[2026-07-12T23:53:46.060Z] [Luб»“ng 10] Gate: http://localhost:10000 | Card: 542418******
[2026-07-12T23:53:48.582Z] Error: page.goto: net::ERR_CONNECTION_REFUSED at http://localhost:10000/
Call log:
[2m  - navigating to "http://localhost:10000/", waiting until "domcontentloaded"[22m

[2026-07-12T23:53:56.983Z] [Luб»“ng 11] Gate: http://localhost:10000 | Card: 544317******
[2026-07-12T23:53:57.976Z] Error: page.goto: net::ERR_ABORTED at http://localhost:10000/
Call log:
[2m  - navigating to "http://localhost:10000/", waiting until "domcontentloaded"[22m

[2026-07-12T23:54:06.150Z] [Luб»“ng 12] Gate: http://localhost:10000 | Card: 405731******
[2026-07-12T23:54:07.912Z] Error: page.goto: net::ERR_ABORTED at http://localhost:10000/
Call log:
[2m  - navigating to "http://localhost:10000/", waiting until "domcontentloaded"[22m

[2026-07-13T00:27:30.387Z] рҹҢё STARTING MASTER ENGINE V6...
[2026-07-13T00:27:37.585Z] [Luб»“ng 1] Gate: http://localhost:10000 | Card: 414720******
[2026-07-13T00:27:40.011Z] Error: page.goto: net::ERR_CONNECTION_REFUSED at http://localhost:10000/
Call log:
[2m  - navigating to "http://localhost:10000/", waiting until "domcontentloaded"[22m

[2026-07-13T00:27:47.841Z] [Luб»“ng 2] Gate: http://localhost:10000 | Card: 410039******
[2026-07-13T00:27:50.127Z] Error: page.goto: net::ERR_ABORTED at http://localhost:10000/
Call log:
[2m  - navigating to "http://localhost:10000/", waiting until "domcontentloaded"[22m

[2026-07-13T00:27:57.514Z] [Luб»“ng 3] Gate: http://localhost:10000 | Card: 371714******
[2026-07-13T00:27:59.904Z] Error: page.goto: net::ERR_CONNECTION_REFUSED at http://localhost:10000/
Call log:
[2m  - navigating to "http://localhost:10000/", waiting until "domcontentloaded"[22m

[2026-07-13T00:28:07.111Z] [Luб»“ng 4] Gate: http://localhost:10000 | Card: 379363******
[2026-07-13T00:28:09.485Z] Error: page.goto: net::ERR_CONNECTION_REFUSED at http://localhost:10000/
Call log:
[2m  - navigating to "http://localhost:10000/", waiting until "domcontentloaded"[22m

[2026-07-13T00:28:17.591Z] [Luб»“ng 5] Gate: http://localhost:10000 | Card: 479853******
[2026-07-13T00:28:19.958Z] Error: page.goto: net::ERR_CONNECTION_REFUSED at http://localhost:10000/
Call log:
[2m  - navigating to "http://localhost:10000/", waiting until "domcontentloaded"[22m

[2026-07-13T00:28:27.914Z] [Luб»“ng 6] Gate: http://localhost:10000 | Card: 441359******
[2026-07-13T00:28:30.335Z] Error: page.goto: net::ERR_CONNECTION_REFUSED at http://localhost:10000/
Call log:
[2m  - navigating to "http://localhost:10000/", waiting until "domcontentloaded"[22m

[2026-07-13T00:28:38.422Z] [Luб»“ng 7] Gate: http://localhost:10000 | Card: 517805******
[2026-07-13T00:28:40.814Z] Error: page.goto: net::ERR_CONNECTION_REFUSED at http://localhost:10000/
Call log:
[2m  - navigating to "http://localhost:10000/", waiting until "domcontentloaded"[22m

[2026-07-13T00:28:50.290Z] [Luб»“ng 8] Gate: http://localhost:10000 | Card: 426684******
[2026-07-13T00:28:52.648Z] Error: page.goto: net::ERR_CONNECTION_REFUSED at http://localhost:10000/
Call log:
[2m  - navigating to "http://localhost:10000/", waiting until "domcontentloaded"[22m

[2026-07-13T00:29:03.410Z] [Luб»“ng 9] Gate: http://localhost:10000 | Card: 410039******
[2026-07-13T00:29:05.778Z] Error: page.goto: net::ERR_CONNECTION_REFUSED at http://localhost:10000/
Call log:
[2m  - navigating to "http://localhost:10000/", waiting until "domcontentloaded"[22m

[2026-07-13T00:29:14.066Z] [Luб»“ng 10] Gate: http://localhost:10000 | Card: 542418******
[2026-07-13T00:29:16.423Z] Error: page.goto: net::ERR_CONNECTION_REFUSED at http://localhost:10000/
Call log:
[2m  - navigating to "http://localhost:10000/", waiting until "domcontentloaded"[22m

[2026-07-13T00:29:24.454Z] [Luб»“ng 11] Gate: http://localhost:10000 | Card: 544317******
[2026-07-13T00:29:26.833Z] Error: page.goto: net::ERR_CONNECTION_REFUSED at http://localhost:10000/
Call log:
[2m  - navigating to "http://localhost:10000/", waiting until "domcontentloaded"[22m

[2026-07-13T00:29:35.426Z] [Luб»“ng 12] Gate: http://localhost:10000 | Card: 405731******
[2026-07-13T00:29:37.798Z] Error: page.goto: net::ERR_CONNECTION_REFUSED at http://localhost:10000/
Call log:
[2m  - navigating to "http://localhost:10000/", waiting until "domcontentloaded"[22m

[2026-07-13T00:29:46.802Z] [Luб»“ng 13] Gate: http://localhost:10000 | Card: 515676******
[2026-07-13T00:29:49.156Z] Error: page.goto: net::ERR_CONNECTION_REFUSED at http://localhost:10000/
Call log:
[2m  - navigating to "http://localhost:10000/", waiting until "domcontentloaded"[22m

[2026-07-13T00:29:57.658Z] [Luб»“ng 14] Gate: http://localhost:10000 | Card: 517805******
[2026-07-13T00:29:59.999Z] Error: page.goto: net::ERR_CONNECTION_REFUSED at http://localhost:10000/
Call log:
[2m  - navigating to "http://localhost:10000/", waiting until "domcontentloaded"[22m

[2026-07-13T00:30:08.789Z] [Luб»“ng 15] Gate: http://localhost:10000 | Card: 414720******
[2026-07-13T00:30:11.201Z] Error: page.goto: net::ERR_CONNECTION_REFUSED at http://localhost:10000/
Call log:
[2m  - navigating to "http://localhost:10000/", waiting until "domcontentloaded"[22m

[2026-07-13T00:57:48.111Z] рҹҢё STARTING MASTER ENGINE V6...
[2026-07-13T00:57:56.291Z] [Luб»“ng 1] Gate: https://cloud.konghq.com/global/organization/plan-and-usage/upgrade | Card: 414720******
[2026-07-13T00:58:07.946Z] [Luб»“ng 1] вң… SUCCESS.
[2026-07-13T00:58:16.276Z] [Luб»“ng 2] Gate: https://cloud.konghq.com/global/organization/plan-and-usage/upgrade | Card: 410039******
[2026-07-13T00:58:27.786Z] [Luб»“ng 2] вң… SUCCESS.
[2026-07-13T00:58:35.403Z] [Luб»“ng 3] Gate: https://cloud.konghq.com/global/organization/plan-and-usage/upgrade | Card: 371714******
[2026-07-13T00:58:46.918Z] [Luб»“ng 3] вң… SUCCESS.
[2026-07-13T00:58:54.737Z] [Luб»“ng 4] Gate: https://cloud.konghq.com/global/organization/plan-and-usage/upgrade | Card: 379363******
[2026-07-13T00:59:06.260Z] [Luб»“ng 4] вң… SUCCESS.
[2026-07-13T00:59:14.511Z] [Luб»“ng 5] Gate: https://cloud.konghq.com/global/organization/plan-and-usage/upgrade | Card: 479853******
[2026-07-13T00:59:28.444Z] [Luб»“ng 5] вң… SUCCESS.
[2026-07-13T00:59:36.200Z] [Luб»“ng 6] Gate: https://cloud.konghq.com/global/organization/plan-and-usage/upgrade | Card: 441359******
[2026-07-13T00:59:47.745Z] [Luб»“ng 6] вң… SUCCESS.
[2026-07-13T00:59:55.983Z] [Luб»“ng 7] Gate: https://cloud.konghq.com/global/organization/plan-and-usage/upgrade | Card: 517805******
[2026-07-13T01:00:07.437Z] [Luб»“ng 7] вң… SUCCESS.
[2026-07-13T01:00:16.632Z] [Luб»“ng 8] Gate: https://cloud.konghq.com/global/organization/plan-and-usage/upgrade | Card: 426684******
[2026-07-13T01:00:28.584Z] [Luб»“ng 8] вң… SUCCESS.
[2026-07-13T01:00:36.806Z] [Luб»“ng 9] Gate: https://cloud.konghq.com/global/organization/plan-and-usage/upgrade | Card: 410039******
[2026-07-13T01:00:48.574Z] [Luб»“ng 9] вң… SUCCESS.
[2026-07-13T01:00:56.138Z] [Luб»“ng 10] Gate: https://cloud.konghq.com/global/organization/plan-and-usage/upgrade | Card: 542418******
[2026-07-13T01:01:11.371Z] [Luб»“ng 10] вң… SUCCESS.
[2026-07-13T01:01:18.819Z] [Luб»“ng 11] Gate: https://cloud.konghq.com/global/organization/plan-and-usage/upgrade | Card: 544317******
[2026-07-13T01:01:30.636Z] [Luб»“ng 11] вң… SUCCESS.
[2026-07-13T01:01:37.750Z] [Luб»“ng 12] Gate: https://cloud.konghq.com/global/organization/plan-and-usage/upgrade | Card: 405731******
[2026-07-13T01:01:49.464Z] [Luб»“ng 12] вң… SUCCESS.
[2026-07-13T01:01:56.840Z] [Luб»“ng 13] Gate: https://cloud.konghq.com/global/organization/plan-and-usage/upgrade | Card: 515676******
[2026-07-13T01:02:09.591Z] [Luб»“ng 13] вң… SUCCESS.
[2026-07-13T01:02:17.062Z] [Luб»“ng 14] Gate: https://cloud.konghq.com/global/organization/plan-and-usage/upgrade | Card: 517805******
[2026-07-13T01:02:28.905Z] [Luб»“ng 14] вң… SUCCESS.
[2026-07-13T01:02:36.361Z] [Luб»“ng 15] Gate: https://cloud.konghq.com/global/organization/plan-and-usage/upgrade | Card: 414720******
[2026-07-13T01:02:48.085Z] [Luб»“ng 15] вң… SUCCESS.
[2026-07-13T12:44:50.748Z] рҹҢё STARTING MASTER ENGINE V6...
[2026-07-13T12:45:00.826Z] [Luб»“ng 1] Gate: https://cloud.konghq.com/global/organization/plan-and-usage/upgrade | Card: 414720******
[2026-07-13T12:45:13.933Z] [Luб»“ng 1] вң… SUCCESS.
[2026-07-13T12:45:22.824Z] [Luб»“ng 2] Gate: https://cloud.konghq.com/global/organization/plan-and-usage/upgrade | Card: 410039******
[2026-07-13T12:45:34.324Z] [Luб»“ng 2] вң… SUCCESS.
[2026-07-13T12:45:42.614Z] [Luб»“ng 3] Gate: https://cloud.konghq.com/global/organization/plan-and-usage/upgrade | Card: 371714******
[2026-07-13T12:45:54.141Z] [Luб»“ng 3] вң… SUCCESS.
[2026-07-13T12:46:01.482Z] [Luб»“ng 4] Gate: https://cloud.konghq.com/global/organization/plan-and-usage/upgrade | Card: 379363******
[2026-07-13T12:46:13.054Z] [Luб»“ng 4] вң… SUCCESS.
[2026-07-13T12:46:20.254Z] [Luб»“ng 5] Gate: https://cloud.konghq.com/global/organization/plan-and-usage/upgrade | Card: 479853******
[2026-07-13T12:46:31.321Z] [Luб»“ng 5] вң… SUCCESS.
[2026-07-13T12:46:38.705Z] [Luб»“ng 6] Gate: https://cloud.konghq.com/global/organization/plan-and-usage/upgrade | Card: 441359******
[2026-07-13T12:46:49.625Z] [Luб»“ng 6] вң… SUCCESS.
[2026-07-13T12:46:57.003Z] [Luб»“ng 7] Gate: https://cloud.konghq.com/global/organization/plan-and-usage/upgrade | Card: 517805******
[2026-07-13T12:47:08.062Z] [Luб»“ng 7] вң… SUCCESS.
[2026-07-13T12:47:15.590Z] [Luб»“ng 8] Gate: https://cloud.konghq.com/global/organization/plan-and-usage/upgrade | Card: 426684******
[2026-07-13T12:47:26.554Z] [Luб»“ng 8] вң… SUCCESS.
[2026-07-13T12:47:34.113Z] [Luб»“ng 9] Gate: https://cloud.konghq.com/global/organization/plan-and-usage/upgrade | Card: 410039******
[2026-07-13T12:47:45.248Z] [Luб»“ng 9] вң… SUCCESS.
[2026-07-13T12:47:52.611Z] [Luб»“ng 10] Gate: https://cloud.konghq.com/global/organization/plan-and-usage/upgrade | Card: 542418******
[2026-07-13T12:48:03.483Z] [Luб»“ng 10] вң… SUCCESS.
[2026-07-13T12:48:10.504Z] [Luб»“ng 11] Gate: https://cloud.konghq.com/global/organization/plan-and-usage/upgrade | Card: 544317******
[2026-07-13T12:48:21.607Z] [Luб»“ng 11] вң… SUCCESS.
[2026-07-13T12:48:29.926Z] [Luб»“ng 12] Gate: https://cloud.konghq.com/global/organization/plan-and-usage/upgrade | Card: 405731******
[2026-07-13T12:48:41.046Z] [Luб»“ng 12] вң… SUCCESS.
[2026-07-13T12:48:48.312Z] [Luб»“ng 13] Gate: https://cloud.konghq.com/global/organization/plan-and-usage/upgrade | Card: 515676******
[2026-07-13T12:48:59.247Z] [Luб»“ng 13] вң… SUCCESS.
[2026-07-13T12:49:07.070Z] [Luб»“ng 14] Gate: https://cloud.konghq.com/global/organization/plan-and-usage/upgrade | Card: 517805******
[2026-07-13T12:49:18.026Z] [Luб»“ng 14] вң… SUCCESS.
[2026-07-13T12:49:26.464Z] [Luб»“ng 15] Gate: https://cloud.konghq.com/global/organization/plan-and-usage/upgrade | Card: 414720******
[2026-07-13T12:49:37.587Z] [Luб»“ng 15] вң… SUCCESS.
